0 info it worked if it ends with ok
1 verbose cli [ '/usr/bin/node', '/bin/npm', 'install', 'fsevents' ]
2 info using npm@3.10.10
3 info using node@v6.10.2
4 silly loadCurrentTree Starting
5 silly install loadCurrentTree
6 silly install readLocalPackageData
7 silly fetchPackageMetaData fsevents
8 silly fetchNamedPackageData fsevents
9 silly mapToRegistry name fsevents
10 silly mapToRegistry using default registry
11 silly mapToRegistry registry https://registry.npmjs.org/
12 silly mapToRegistry data Result {
12 silly mapToRegistry   raw: 'fsevents',
12 silly mapToRegistry   scope: null,
12 silly mapToRegistry   escapedName: 'fsevents',
12 silly mapToRegistry   name: 'fsevents',
12 silly mapToRegistry   rawSpec: '',
12 silly mapToRegistry   spec: 'latest',
12 silly mapToRegistry   type: 'tag' }
13 silly mapToRegistry uri https://registry.npmjs.org/fsevents
14 verbose request uri https://registry.npmjs.org/fsevents
15 verbose request no auth needed
16 info attempt registry request try #1 at 7:51:50 PM
17 verbose request id c99c5c90de53536d
18 verbose etag W/"9ff14987b4ec19e977697a4c1d741a18"
19 verbose lastModified Wed, 06 May 2020 17:49:14 GMT
20 http request GET https://registry.npmjs.org/fsevents
21 http 304 https://registry.npmjs.org/fsevents
22 verbose headers { date: 'Wed, 28 Oct 2020 02:51:51 GMT',
22 verbose headers   connection: 'keep-alive',
22 verbose headers   'set-cookie': [ '__cfduid=dae7494e182367d8bc5bfb9f40435fdf91603853511; expires=Fri, 27-Nov-20 02:51:51 GMT; path=/; domain=.npmjs.org; HttpOnly; SameSite=Lax' ],
22 verbose headers   'cf-ray': '5e915b7c187d8d0f-PDX',
22 verbose headers   age: '68',
22 verbose headers   'cache-control': 'public, max-age=300',
22 verbose headers   etag: '"9ff14987b4ec19e977697a4c1d741a18"',
22 verbose headers   'last-modified': 'Wed, 06 May 2020 17:49:14 GMT',
22 verbose headers   vary: 'Accept-Encoding',
22 verbose headers   'cf-cache-status': 'HIT',
22 verbose headers   'cf-request-id': '060eb7819300008d0fcf06c000000001',
22 verbose headers   'expect-ct': 'max-age=604800, report-uri="https://report-uri.cloudflare.com/cdn-cgi/beacon/expect-ct"',
22 verbose headers   server: 'cloudflare' }
23 silly get cb [ 304,
23 silly get   { date: 'Wed, 28 Oct 2020 02:51:51 GMT',
23 silly get     connection: 'keep-alive',
23 silly get     'set-cookie': [ '__cfduid=dae7494e182367d8bc5bfb9f40435fdf91603853511; expires=Fri, 27-Nov-20 02:51:51 GMT; path=/; domain=.npmjs.org; HttpOnly; SameSite=Lax' ],
23 silly get     'cf-ray': '5e915b7c187d8d0f-PDX',
23 silly get     age: '68',
23 silly get     'cache-control': 'public, max-age=300',
23 silly get     etag: '"9ff14987b4ec19e977697a4c1d741a18"',
23 silly get     'last-modified': 'Wed, 06 May 2020 17:49:14 GMT',
23 silly get     vary: 'Accept-Encoding',
23 silly get     'cf-cache-status': 'HIT',
23 silly get     'cf-request-id': '060eb7819300008d0fcf06c000000001',
23 silly get     'expect-ct': 'max-age=604800, report-uri="https://report-uri.cloudflare.com/cdn-cgi/beacon/expect-ct"',
23 silly get     server: 'cloudflare' } ]
24 verbose etag https://registry.npmjs.org/fsevents from cache
25 verbose get saving fsevents to /nfs/stak/users/joinnidr/.npm/registry.npmjs.org/fsevents/.cache.json
26 verbose correctMkdir /nfs/stak/users/joinnidr/.npm correctMkdir not in flight; initializing
27 silly install normalizeTree
28 silly loadCurrentTree Finishing
29 silly loadIdealTree Starting
30 silly install loadIdealTree
31 silly cloneCurrentTree Starting
32 silly install cloneCurrentTreeToIdealTree
33 silly cloneCurrentTree Finishing
34 silly loadShrinkwrap Starting
35 silly install loadShrinkwrap
36 silly loadShrinkwrap Finishing
37 silly loadAllDepsIntoIdealTree Starting
38 silly install loadAllDepsIntoIdealTree
39 silly rollbackFailedOptional Starting
40 silly rollbackFailedOptional Finishing
41 silly runTopLevelLifecycles Finishing
42 silly install printInstalled
43 verbose stack Error: Unsupported platform for fsevents@2.1.3: wanted {"name":"fsevents","version":"2.1.3","description":"Native Access to MacOS FSEvents","main":"fsevents.js","types":"fsevents.d.ts","os":["darwin"],"engines":{"node":"^8.16.0 || ^10.6.0 || >=11.0.0"},"scripts":{"clean":"node-gyp clean && rm -f fsevents.node","build":"node-gyp clean && rm -f fsevents.node && node-gyp rebuild && node-gyp clean","test":"/bin/bash ./test.sh 2>/dev/null","prepublishOnly":"npm run build","install":"node-gyp rebuild"},"repository":{"type":"git","url":"git+https://github.com/fsevents/fsevents.git"},"keywords":["fsevents","mac"],"contributors":[{"name":"Philipp Dunkel","email":"pip@pipobscure.com"},{"name":"Ben Noordhuis","email":"info@bnoordhuis.nl"},{"name":"Elan Shankar","email":"elan.shanker@gmail.com"},{"name":"Miroslav Bajtoš","email":"mbajtoss@gmail.com"},{"name":"Paul Miller","url":"https://paulmillr.com"}],"license":"MIT","bugs":{"url":"https://github.com/fsevents/fsevents/issues"},"homepage":"https://github.com/fsevents/fsevents","devDependencies":{"node-gyp":"^6.1.0"},"gypfile":true,"gitHead":"864d79b4df9d776663d389062ea5fd9324276ff6","_id":"fsevents@2.1.3","_nodeVersion":"12.16.1","_npmVersion":"6.13.4","dist":{"integrity":"sha512-Auw9a4AxqWpa9GUfj370BMPzzyncfBABW8Mab7BGWBYDj4Isgq+cDKtx0i6u9jcX9pQDnswsaaOTgTmA5pEjuQ==","shasum":"fb738703ae8d2f9fe900c33836ddebee8b97f23e","tarball":"https://registry.npmjs.org/fsevents/-/fsevents-2.1.3.tgz","fileCount":6,"unpackedSize":44861,"npm-signature":"-----BEGIN PGP SIGNATURE-----\r\nVersion: OpenPGP.js v3.0.4\r\nComment: https://openpgpjs.org\r\n\r\nwsFcBAEBCAAQBQJeoATXCRA9TVsSAnZWagAAQlwP/iycIrVwvNXUgA4Joz+F\nWgYjJCygem2ESlxOlYy5We7I4r2e9jHOKZ2/JnwYXkiGgmPeZL4McRCxrU+0\nfhESp5mB8NJj86zTgM2U19LCn9MJIJBhczAH+ccpqAkl/Z9CdDx0Vn4B0FF7\nX3mGOtC+WTPc7Sa3Bla83swox2ox/KucO53QcWCt27cn5STsK8Or8f6Qe7sD\nQEhWc9vxxfKtbnZZC5VP5ewIUZ8qLpLLrOSh689y2HUGrt7IdOPcvdC2Z0zX\nl6VDi8+ie60DZgwXGAQ/+23crvuaY0KNkrdDNZw46tWEqwh05r5rKW0m6Wsu\nanMjZvMwgSvzH2NImyiwHc1VgLdS7Yz4MwIRqEltGz3pMwLH+0UlBxSiRI7z\nevV5LtrDe4QHEWkJ/dQC7VSlZR3OPq+Ypvjmkl1+9zi2IMzj/4ASmHrA8pLz\nIf7BAUVs5K9TqRySNbIxmyDkhprNg0H7oWk5axsBC38gK4kqUywnm7FfxaNX\nztaHiNGHuFi7HHOa/eVYrnlC0/HkI/LCBdLd8bLYYJrEofqr/j7udfdwpHVg\nCPp73btCaWvQIGezRfOXXftqeYQE+kE2qJ6BEhxFSAkDWVGz3I9d9/zXaZyY\nLRgCbkbyHi/A9roAp4avuo7abdGD5jIPTiedDans7cOacZ7UdOKHLjQEfqtX\n7vz8\r\n=92sv\r\n-----END PGP SIGNATURE-----\r\n"},"maintainers":[{"name":"bnoordhuis","email":"info@bnoordhuis.nl"},{"name":"es128","email":"elan.shanker+npm@gmail.com"},{"name":"paulmillr","email":"paul@paulmillr.com"},{"name":"pipobscure","email":"pip@pipobscure.com"}],"_npmUser":{"name":"paulmillr","email":"paul@paulmillr.com"},"directories":{},"_npmOperationalInternal":{"host":"s3://npm-registry-packages","tmp":"tmp/fsevents_2.1.3_1587545303123_0.40284197395726373"},"_hasShrinkwrap":false,"_from":"fsevents","_resolved":"https://registry.npmjs.org/fsevents/-/fsevents-2.1.3.tgz","_shasum":"fb738703ae8d2f9fe900c33836ddebee8b97f23e","_requested":{"raw":"fsevents","scope":null,"escapedName":"fsevents","name":"fsevents","rawSpec":"","spec":"latest","type":"tag"},"_spec":"fsevents","_where":"/nfs/stak/users/joinnidr/CS361/code","_args":[[{"raw":"fsevents","scope":null,"escapedName":"fsevents","name":"fsevents","rawSpec":"","spec":"latest","type":"tag"},"/nfs/stak/users/joinnidr/CS361/code"]],"readme":"ERROR: No README data found!","warnings":[{"code":"ENOTSUP","required":{"node":"^8.16.0 || ^10.6.0 || >=11.0.0"},"pkgid":"fsevents@2.1.3"}]} (current: {"os":"linux","cpu":"x64"})
43 verbose stack     at checkPlatform (/usr/lib/node_modules/npm/node_modules.bundled/npm-install-checks/index.js:45:14)
43 verbose stack     at thenWarnEngineIssues (/usr/lib/node_modules/npm/lib/install/validate-args.js:41:5)
43 verbose stack     at /usr/lib/node_modules/npm/node_modules.bundled/iferr/index.js:13:50
43 verbose stack     at checkEngine (/usr/lib/node_modules/npm/node_modules.bundled/npm-install-checks/index.js:21:14)
43 verbose stack     at module.exports.isInstallable (/usr/lib/node_modules/npm/lib/install/validate-args.js:38:3)
43 verbose stack     at Array.<anonymous> (/usr/lib/node_modules/npm/node_modules.bundled/slide/lib/bind-actor.js:15:8)
43 verbose stack     at LOOP (/usr/lib/node_modules/npm/node_modules.bundled/slide/lib/chain.js:15:14)
43 verbose stack     at /usr/lib/node_modules/npm/node_modules.bundled/slide/lib/chain.js:18:7
43 verbose stack     at checkSelf (/usr/lib/node_modules/npm/lib/install/validate-args.js:46:72)
43 verbose stack     at Array.<anonymous> (/usr/lib/node_modules/npm/node_modules.bundled/slide/lib/bind-actor.js:15:8)
44 verbose pkgid fsevents@2.1.3
45 verbose cwd /nfs/stak/users/joinnidr/CS361/code
46 error Linux 3.10.0-1062.9.1.el7.x86_64
47 error argv "/usr/bin/node" "/bin/npm" "install" "fsevents"
48 error node v6.10.2
49 error npm  v3.10.10
50 error code EBADPLATFORM
51 error notsup Unsupported platform for fsevents@2.1.3: wanted {"os":"darwin","arch":"any"} (current: {"os":"linux","arch":"x64"})
52 error notsup Valid OS:    darwin
52 error notsup Valid Arch:  any
52 error notsup Actual OS:   linux
52 error notsup Actual Arch: x64
53 verbose exit [ 1, true ]
